{"/Users/chris/Documents/WorkStuff/AttentionLottery/react-native-distributed-dev-kit/App.js": {"path":"/Users/chris/Documents/WorkStuff/AttentionLottery/react-native-distributed-dev-kit/App.js","statementMap":{"0":{"start":{"line":19,"column":20},"end":{"line":19,"column":210}},"1":{"start":{"line":21,"column":21},"end":{"line":26,"column":2}},"2":{"start":{"line":30,"column":4},"end":{"line":30,"column":11}},"3":{"start":{"line":31,"column":4},"end":{"line":34,"column":5}},"4":{"start":{"line":37,"column":4},"end":{"line":37,"column":32}},"5":{"start":{"line":38,"column":12},"end":{"line":38,"column":42}},"6":{"start":{"line":39,"column":4},"end":{"line":56,"column":43}},"7":{"start":{"line":42,"column":6},"end":{"line":42,"column":32}},"8":{"start":{"line":44,"column":6},"end":{"line":44,"column":45}},"9":{"start":{"line":45,"column":6},"end":{"line":45,"column":27}},"10":{"start":{"line":48,"column":6},"end":{"line":48,"column":44}},"11":{"start":{"line":49,"column":6},"end":{"line":49,"column":30}},"12":{"start":{"line":56,"column":20},"end":{"line":56,"column":40}},"13":{"start":{"line":59,"column":4},"end":{"line":69,"column":5}},"14":{"start":{"line":73,"column":15},"end":{"line":90,"column":2}}},"fnMap":{"0":{"name":"(anonymous_0)","decl":{"start":{"line":29,"column":2},"end":{"line":29,"column":3}},"loc":{"start":{"line":29,"column":17},"end":{"line":35,"column":3}},"line":29},"1":{"name":"(anonymous_1)","decl":{"start":{"line":36,"column":2},"end":{"line":36,"column":3}},"loc":{"start":{"line":36,"column":24},"end":{"line":57,"column":3}},"line":36},"2":{"name":"(anonymous_2)","decl":{"start":{"line":40,"column":10},"end":{"line":40,"column":11}},"loc":{"start":{"line":40,"column":16},"end":{"line":46,"column":5}},"line":40},"3":{"name":"(anonymous_3)","decl":{"start":{"line":47,"column":10},"end":{"line":47,"column":11}},"loc":{"start":{"line":47,"column":21},"end":{"line":54,"column":5}},"line":47},"4":{"name":"(anonymous_4)","decl":{"start":{"line":56,"column":11},"end":{"line":56,"column":12}},"loc":{"start":{"line":56,"column":18},"end":{"line":56,"column":42}},"line":56},"5":{"name":"(anonymous_5)","decl":{"start":{"line":58,"column":2},"end":{"line":58,"column":3}},"loc":{"start":{"line":58,"column":12},"end":{"line":70,"column":3}},"line":58}},"branchMap":{"0":{"loc":{"start":{"line":67,"column":9},"end":{"line":67,"column":75}},"type":"cond-expr","locations":[{"start":{"line":67,"column":29},"end":{"line":67,"column":68}},{"start":{"line":67,"column":71},"end":{"line":67,"column":75}}],"line":67}},"s":{"0":1,"1":1,"2":1,"3":1,"4":1,"5":1,"6":1,"7":0,"8":0,"9":0,"10":0,"11":0,"12":0,"13":1,"14":1},"f":{"0":1,"1":1,"2":0,"3":0,"4":0,"5":1},"b":{"0":[0,1]},"_coverageSchema":"332fd63041d2c1bcb487cc26dd0d5f7d97098a6c","hash":"b069b529efae81ad7fd8952f763ea5f23f9ea5ce"}
,"/Users/chris/Documents/WorkStuff/AttentionLottery/react-native-distributed-dev-kit/setupJest.js": {"path":"/Users/chris/Documents/WorkStuff/AttentionLottery/react-native-distributed-dev-kit/setupJest.js","statementMap":{"0":{"start":{"line":3,"column":0},"end":{"line":3,"column":42}}},"fnMap":{},"branchMap":{},"s":{"0":1},"f":{},"b":{},"_coverageSchema":"332fd63041d2c1bcb487cc26dd0d5f7d97098a6c","hash":"79d6bf4257fd168a4fab7503f5565974b8358b2c"}
,"/Users/chris/Documents/WorkStuff/AttentionLottery/react-native-distributed-dev-kit/shim.js": {"path":"/Users/chris/Documents/WorkStuff/AttentionLottery/react-native-distributed-dev-kit/shim.js","statementMap":{"0":{"start":{"line":1,"column":0},"end":{"line":1,"column":60}},"1":{"start":{"line":1,"column":38},"end":{"line":1,"column":60}},"2":{"start":{"line":2,"column":0},"end":{"line":2,"column":61}},"3":{"start":{"line":2,"column":39},"end":{"line":2,"column":61}},"4":{"start":{"line":3,"column":0},"end":{"line":12,"column":1}},"5":{"start":{"line":4,"column":2},"end":{"line":4,"column":37}},"6":{"start":{"line":6,"column":19},"end":{"line":6,"column":37}},"7":{"start":{"line":7,"column":2},"end":{"line":11,"column":3}},"8":{"start":{"line":8,"column":4},"end":{"line":10,"column":5}},"9":{"start":{"line":9,"column":6},"end":{"line":9,"column":30}},"10":{"start":{"line":14,"column":0},"end":{"line":14,"column":23}},"11":{"start":{"line":15,"column":0},"end":{"line":15,"column":75}},"12":{"start":{"line":15,"column":35},"end":{"line":15,"column":75}},"13":{"start":{"line":18,"column":14},"end":{"line":18,"column":53}},"14":{"start":{"line":19,"column":0},"end":{"line":19,"column":62}},"15":{"start":{"line":20,"column":0},"end":{"line":22,"column":1}},"16":{"start":{"line":21,"column":2},"end":{"line":21,"column":39}}},"fnMap":{},"branchMap":{"0":{"loc":{"start":{"line":1,"column":0},"end":{"line":1,"column":60}},"type":"if","locations":[{"start":{"line":1,"column":0},"end":{"line":1,"column":60}},{"start":{"line":1,"column":0},"end":{"line":1,"column":60}}],"line":1},"1":{"loc":{"start":{"line":2,"column":0},"end":{"line":2,"column":61}},"type":"if","locations":[{"start":{"line":2,"column":0},"end":{"line":2,"column":61}},{"start":{"line":2,"column":0},"end":{"line":2,"column":61}}],"line":2},"2":{"loc":{"start":{"line":3,"column":0},"end":{"line":12,"column":1}},"type":"if","locations":[{"start":{"line":3,"column":0},"end":{"line":12,"column":1}},{"start":{"line":3,"column":0},"end":{"line":12,"column":1}}],"line":3},"3":{"loc":{"start":{"line":8,"column":4},"end":{"line":10,"column":5}},"type":"if","locations":[{"start":{"line":8,"column":4},"end":{"line":10,"column":5}},{"start":{"line":8,"column":4},"end":{"line":10,"column":5}}],"line":8},"4":{"loc":{"start":{"line":15,"column":0},"end":{"line":15,"column":75}},"type":"if","locations":[{"start":{"line":15,"column":0},"end":{"line":15,"column":75}},{"start":{"line":15,"column":0},"end":{"line":15,"column":75}}],"line":15},"5":{"loc":{"start":{"line":18,"column":14},"end":{"line":18,"column":53}},"type":"binary-expr","locations":[{"start":{"line":18,"column":14},"end":{"line":18,"column":42}},{"start":{"line":18,"column":46},"end":{"line":18,"column":53}}],"line":18},"6":{"loc":{"start":{"line":19,"column":26},"end":{"line":19,"column":62}},"type":"cond-expr","locations":[{"start":{"line":19,"column":34},"end":{"line":19,"column":47}},{"start":{"line":19,"column":50},"end":{"line":19,"column":62}}],"line":19},"7":{"loc":{"start":{"line":20,"column":0},"end":{"line":22,"column":1}},"type":"if","locations":[{"start":{"line":20,"column":0},"end":{"line":22,"column":1}},{"start":{"line":20,"column":0},"end":{"line":22,"column":1}}],"line":20},"8":{"loc":{"start":{"line":21,"column":23},"end":{"line":21,"column":39}},"type":"cond-expr","locations":[{"start":{"line":21,"column":31},"end":{"line":21,"column":34}},{"start":{"line":21,"column":37},"end":{"line":21,"column":39}}],"line":21}},"s":{"0":1,"1":0,"2":1,"3":0,"4":1,"5":0,"6":1,"7":1,"8":82,"9":3,"10":1,"11":1,"12":0,"13":1,"14":1,"15":1,"16":0},"f":{},"b":{"0":[0,1],"1":[0,1],"2":[0,1],"3":[3,79],"4":[0,1],"5":[1,1],"6":[1,0],"7":[0,1],"8":[0,0]},"_coverageSchema":"332fd63041d2c1bcb487cc26dd0d5f7d97098a6c","hash":"96756eac1909256e2a3a0679375421acb9bb6ec8"}
}
