TN:
SF:/Users/chris/Documents/WorkStuff/AttentionLottery/react-native-distributed-dev-kit/App.js
FN:29,(anonymous_0)
FN:36,(anonymous_1)
FN:40,(anonymous_2)
FN:47,(anonymous_3)
FN:56,(anonymous_4)
FN:58,(anonymous_5)
FNF:6
FNH:3
FNDA:1,(anonymous_0)
FNDA:1,(anonymous_1)
FNDA:0,(anonymous_2)
FNDA:0,(anonymous_3)
FNDA:0,(anonymous_4)
FNDA:1,(anonymous_5)
DA:19,1
DA:21,1
DA:30,1
DA:31,1
DA:37,1
DA:38,1
DA:39,1
DA:42,0
DA:44,0
DA:45,0
DA:48,0
DA:49,0
DA:56,0
DA:59,1
DA:73,1
LF:15
LH:9
BRDA:67,0,0,0
BRDA:67,0,1,1
BRF:2
BRH:1
end_of_record
TN:
SF:/Users/chris/Documents/WorkStuff/AttentionLottery/react-native-distributed-dev-kit/setupJest.js
FNF:0
FNH:0
DA:3,1
LF:1
LH:1
BRF:0
BRH:0
end_of_record
TN:
SF:/Users/chris/Documents/WorkStuff/AttentionLottery/react-native-distributed-dev-kit/shim.js
FNF:0
FNH:0
DA:1,1
DA:2,1
DA:3,1
DA:4,0
DA:6,1
DA:7,1
DA:8,82
DA:9,3
DA:14,1
DA:15,1
DA:18,1
DA:19,1
DA:20,1
DA:21,0
LF:14
LH:12
BRDA:1,0,0,0
BRDA:1,0,1,1
BRDA:2,1,0,0
BRDA:2,1,1,1
BRDA:3,2,0,0
BRDA:3,2,1,1
BRDA:8,3,0,3
BRDA:8,3,1,79
BRDA:15,4,0,0
BRDA:15,4,1,1
BRDA:18,5,0,1
BRDA:18,5,1,1
BRDA:19,6,0,1
BRDA:19,6,1,0
BRDA:20,7,0,0
BRDA:20,7,1,1
BRDA:21,8,0,0
BRDA:21,8,1,0
BRF:18
BRH:10
end_of_record
